<?xml version="1.0" encoding="UTF-8"?>
<!-- Generated by org.testng.reporters.JUnitReportReporter -->
<testsuite hostname="DESKTOP-PI8DOF9" name="com.melorra.qa.tests.SignupPageTest" tests="1" failures="0" timestamp="12 Jul 2018 10:09:46 GMT" time="29.993" errors="0">
  <testcase name="validSignUpTest" time="29.993" classname="com.melorra.qa.tests.SignupPageTest"/>
</testsuite> <!-- com.melorra.qa.tests.SignupPageTest -->
