<?xml version="1.0" encoding="UTF-8"?>
<!-- Generated by org.testng.reporters.JUnitReportReporter -->
<testsuite hostname="DESKTOP-PI8DOF9" name="com.melorra.qa.tests.LoginPageTest" tests="2" failures="0" timestamp="12 Jul 2018 10:24:07 GMT" time="58.845" errors="0">
  <testcase name="homePageTitleTest" time="18.111" classname="com.melorra.qa.tests.LoginPageTest"/>
  <testcase name="validloginTest" time="40.734" classname="com.melorra.qa.tests.LoginPageTest"/>
</testsuite> <!-- com.melorra.qa.tests.LoginPageTest -->
